Base path: /Applications/Unity/Hub/Editor/2018.3.3f1/Unity.app/Contents
Cmd: initializeCompiler
Cmd: translateComputeKernel
  api=14 insize=1309 outsize=1341 ok=1
Cmd: compileComputeKernel
  api=14 insize=9814 outsize=5033 ok=1
Cmd: translateComputeKernel
  api=14 insize=4717 outsize=8825 ok=1
Cmd: compileComputeKernel
  api=14 insize=1565 outsize=2449 ok=1
Cmd: compileComputeKernel
  api=14 insize=2891 outsize=461 ok=1
Cmd: compileComputeKernel
  api=14 insize=1544 outsize=1337 ok=1
Cmd: compileComputeKernel
  api=14 insize=1491 outsize=1937 ok=1
Cmd: compileComputeKernel
  api=14 insize=4907 outsize=2769 ok=1
Cmd: translateComputeKernel
  api=14 insize=2769 outsize=5105 ok=1
Cmd: initializeCompiler
Cmd: initializeCompiler
Cmd: initializeCompiler
Cmd: initializeCompiler
Cmd: initializeCompiler
Cmd: initializeCompiler

Quitting shader compiler process
