Base path: /Applications/Unity/Hub/Editor/2018.3.14f1/Unity.app/Contents
Cmd: initializeCompiler
Cmd: preprocess
  insize=6483 outsize=928 ok=1
Cmd: preprocess
  insize=2348 outsize=632 ok=1
Cmd: preprocess
  insize=3160 outsize=558 ok=1
Cmd: preprocessCompute
  insize=14261 outsize=14379 ok=1
Cmd: preprocessCompute
  insize=26790 outsize=26814 ok=1
Cmd: preprocess
  insize=3115 outsize=305 ok=1
Cmd: preprocess
  insize=6536 outsize=3109 ok=1
Cmd: preprocess
  insize=2088 outsize=289 ok=1
Cmd: preprocess
  insize=3660 outsize=299 ok=1
Cmd: preprocess
  insize=2620 outsize=288 ok=1
Cmd: preprocessCompute
  insize=2053 outsize=2059 ok=1
Cmd: preprocess
  insize=24194 outsize=14682 ok=1
Cmd: preprocessCompute
  insize=1320 outsize=1326 ok=1
Cmd: preprocess
  insize=3563 outsize=870 ok=1
Cmd: preprocess
  insize=2015 outsize=458 ok=1
Cmd: preprocess
  insize=11491 outsize=934 ok=1
Cmd: preprocess
  insize=407 outsize=407 ok=1
Cmd: preprocess
  insize=1575 outsize=631 ok=1
Cmd: preprocessCompute
  insize=2707 outsize=2711 ok=1
Cmd: preprocess
  insize=1521 outsize=219 ok=1
Cmd: preprocessCompute
  insize=1170 outsize=1176 ok=1
Cmd: preprocess
  insize=3783 outsize=500 ok=1
Cmd: preprocessCompute
  insize=2774 outsize=2780 ok=1
Cmd: preprocessCompute
  insize=10871 outsize=10881 ok=1
Cmd: preprocess
  insize=1181 outsize=305 ok=1
Cmd: preprocess
  insize=3569 outsize=822 ok=1
Cmd: preprocess
  insize=1021 outsize=359 ok=1
Cmd: preprocess
  insize=12339 outsize=531 ok=1
Cmd: preprocess
  insize=3637 outsize=600 ok=1
Cmd: preprocess
  insize=5520 outsize=294 ok=1
Cmd: preprocess
  insize=5961 outsize=2703 ok=1
Cmd: preprocessCompute
  insize=7425 outsize=7431 ok=1
Cmd: preprocess
  insize=1802 outsize=304 ok=1
Cmd: preprocessCompute
  insize=4837 outsize=4845 ok=1
Cmd: preprocess
  insize=1755 outsize=445 ok=1
Cmd: preprocess
  insize=4936 outsize=281 ok=1
Cmd: preprocess
  insize=2911 outsize=327 ok=1
Cmd: preprocess
  insize=3157 outsize=363 ok=1
Cmd: preprocess
  insize=2476 outsize=831 ok=1
Cmd: preprocessCompute
  insize=3390 outsize=3396 ok=1
Cmd: preprocessCompute
  insize=6345 outsize=6353 ok=1
Cmd: preprocessCompute
  insize=1749 outsize=1753 ok=1
Cmd: preprocess
  insize=1380 outsize=265 ok=1
Cmd: preprocess
  insize=6092 outsize=364 ok=1
Cmd: preprocess
  insize=2375 outsize=303 ok=1
Cmd: preprocess
  insize=1709 outsize=249 ok=1
Cmd: preprocess
  insize=597 outsize=216 ok=1
Cmd: preprocess
  insize=1656 outsize=351 ok=1
Cmd: preprocess
  insize=945 outsize=218 ok=1
Cmd: preprocess
  insize=4046 outsize=663 ok=1
Cmd: preprocessCompute
  insize=11896 outsize=11900 ok=1
Cmd: preprocessCompute
  insize=18277 outsize=18299 ok=1
Cmd: preprocessCompute
  insize=1563 outsize=1567 ok=1
Cmd: preprocess
  insize=19445 outsize=9638 ok=1
Cmd: preprocessCompute
  insize=19045 outsize=19063 ok=1
Cmd: preprocess
  insize=3209 outsize=790 ok=1
Cmd: preprocess
  insize=18284 outsize=9039 ok=1
Cmd: preprocessCompute
  insize=5431 outsize=5435 ok=1
Cmd: preprocess
  insize=38335 outsize=18274 ok=1
Cmd: preprocess
  insize=4997 outsize=816 ok=1
Cmd: preprocessCompute
  insize=21745 outsize=21751 ok=1
Cmd: preprocess
  insize=2269 outsize=629 ok=1
Cmd: preprocess
  insize=39983 outsize=18979 ok=1
Cmd: preprocessCompute
  insize=2513 outsize=2517 ok=1
Cmd: preprocess
  insize=7150 outsize=398 ok=1
Cmd: preprocess
  insize=10606 outsize=320 ok=1
Cmd: preprocess
  insize=2404 outsize=1061 ok=1
Cmd: preprocess
  insize=40160 outsize=23765 ok=1
Cmd: preprocess
  insize=3021 outsize=1036 ok=1
Cmd: preprocessCompute
  insize=3847 outsize=3849 ok=1
Cmd: preprocessCompute
  insize=2861 outsize=2867 ok=1
Cmd: preprocess
  insize=3087 outsize=572 ok=1
Cmd: preprocess
  insize=2707 outsize=325 ok=1
Cmd: preprocessCompute
  insize=1800 outsize=1806 ok=1
Cmd: preprocess
  insize=2926 outsize=553 ok=1
Cmd: preprocess
  insize=2792 outsize=508 ok=1
Cmd: preprocessCompute
  insize=686 outsize=692 ok=1
Cmd: preprocess
  insize=7034 outsize=286 ok=1
Cmd: preprocess
  insize=1606 outsize=221 ok=1
Cmd: preprocessCompute
  insize=1576 outsize=1580 ok=1
Cmd: preprocessCompute
  insize=20444 outsize=20454 ok=1
Cmd: preprocess
  insize=3571 outsize=223 ok=1
Cmd: preprocessCompute
  insize=34724 outsize=34758 ok=1
Cmd: preprocess
  insize=11969 outsize=996 ok=1
Cmd: preprocessCompute
  insize=8344 outsize=8350 ok=1
Cmd: preprocess
  insize=2315 outsize=320 ok=1
Cmd: preprocess
  insize=6257 outsize=1253 ok=1
Cmd: preprocessCompute
  insize=16350 outsize=16360 ok=1
Cmd: preprocess
  insize=13763 outsize=6913 ok=1
Cmd: preprocess
  insize=10114 outsize=339 ok=1
Cmd: preprocess
  insize=1096 outsize=374 ok=1
Cmd: preprocess
  insize=1133 outsize=389 ok=1
Cmd: preprocess
  insize=1926 outsize=415 ok=1
Cmd: preprocessCompute
  insize=13910 outsize=13916 ok=1
Cmd: preprocess
  insize=6809 outsize=278 ok=1
Cmd: preprocess
  insize=3070 outsize=1373 ok=1
Cmd: preprocess
  insize=2007 outsize=290 ok=1
Cmd: preprocess
  insize=3704 outsize=813 ok=1
Cmd: preprocess
  insize=3632 outsize=364 ok=1
Cmd: preprocessCompute
  insize=1448 outsize=1454 ok=1
Cmd: preprocess
  insize=794 outsize=300 ok=1
Cmd: preprocessCompute
  insize=2038 outsize=2044 ok=1
Cmd: preprocess
  insize=10938 outsize=318 ok=1
Cmd: preprocess
  insize=2270 outsize=638 ok=1
Cmd: preprocess
  insize=13708 outsize=4604 ok=1
Cmd: preprocessCompute
  insize=9802 outsize=9814 ok=1
Cmd: preprocess
  insize=41723 outsize=24511 ok=1
Cmd: preprocess
  insize=15452 outsize=5782 ok=1
Cmd: preprocess
  insize=13203 outsize=959 ok=1
Cmd: preprocessCompute
  insize=3502 outsize=3506 ok=1
Cmd: preprocess
  insize=4041 outsize=374 ok=1
Cmd: preprocess
  insize=2609 outsize=220 ok=1
Cmd: preprocess
  insize=1979 outsize=735 ok=1
Cmd: preprocessCompute
  insize=16736 outsize=16866 ok=1
Cmd: preprocessCompute
  insize=3139 outsize=3145 ok=1
Cmd: preprocessCompute
  insize=1188 outsize=1192 ok=1
Cmd: preprocess
  insize=3234 outsize=920 ok=1
Cmd: preprocess
  insize=1344 outsize=291 ok=1
Cmd: preprocessCompute
  insize=5284 outsize=5286 ok=1
Cmd: preprocessCompute
  insize=4010 outsize=4012 ok=1
Cmd: preprocess
  insize=11161 outsize=416 ok=1
Cmd: preprocessCompute
  insize=4748 outsize=4750 ok=1
Cmd: preprocessCompute
  insize=3535 outsize=3537 ok=1
Cmd: preprocess
  insize=10115 outsize=429 ok=1
Cmd: preprocessCompute
  insize=1563 outsize=1565 ok=1
Cmd: preprocessCompute
  insize=2889 outsize=2891 ok=1
Cmd: preprocessCompute
  insize=1542 outsize=1544 ok=1
Cmd: preprocess
  insize=7996 outsize=428 ok=1
Cmd: preprocessCompute
  insize=1489 outsize=1491 ok=1
Cmd: preprocessCompute
  insize=5283 outsize=5285 ok=1
Cmd: preprocessCompute
  insize=4905 outsize=4907 ok=1
Cmd: preprocess
  insize=10591 outsize=416 ok=1
Cmd: preprocessCompute
  insize=5518 outsize=5520 ok=1
Cmd: preprocessCompute
  insize=4769 outsize=4771 ok=1
Cmd: preprocess
  insize=19045 outsize=429 ok=1
Cmd: preprocessCompute
  insize=5636 outsize=5638 ok=1
Cmd: preprocessCompute
  insize=4943 outsize=4945 ok=1
Cmd: preprocess
  insize=10768 outsize=415 ok=1
Cmd: preprocessCompute
  insize=1564 outsize=1566 ok=1
Cmd: preprocess
  insize=101721 outsize=5356 ok=1
Cmd: preprocess
  insize=172112 outsize=8451 ok=1
Cmd: preprocess
  insize=98534 outsize=5288 ok=1
Cmd: initializeCompiler
Cmd: initializeCompiler
Cmd: initializeCompiler
Cmd: initializeCompiler
Cmd: initializeCompiler
Cmd: initializeCompiler
Cmd: initializeCompiler
Cmd: initializeCompiler
Cmd: initializeCompiler
Cmd: initializeCompiler
Cmd: initializeCompiler
Cmd: initializeCompiler
Cmd: initializeCompiler
Cmd: initializeCompiler
Cmd: initializeCompiler
Cmd: initializeCompiler
Cmd: initializeCompiler
Cmd: initializeCompiler
Cmd: initializeCompiler
Cmd: initializeCompiler
Cmd: initializeCompiler
Cmd: initializeCompiler
Cmd: initializeCompiler
Cmd: initializeCompiler
Cmd: initializeCompiler
Cmd: initializeCompiler
Cmd: initializeCompiler
Cmd: initializeCompiler
Cmd: initializeCompiler
Cmd: initializeCompiler
Cmd: initializeCompiler
Cmd: initializeCompiler
Cmd: initializeCompiler
Cmd: initializeCompiler
