Base path: /Applications/Unity/Hub/Editor/2018.3.14f1/Unity.app/Contents
Cmd: initializeCompiler
Cmd: compileComputeKernel
  api=4 insize=14379 outsize=87113 ok=1
Cmd: compileComputeKernel
  api=4 insize=14379 outsize=32189 ok=1
Cmd: compileComputeKernel
  api=4 insize=14379 outsize=56813 ok=1
Cmd: compileComputeKernel
  api=4 insize=14379 outsize=34977 ok=1
Cmd: compileComputeKernel
  api=4 insize=14379 outsize=41537 ok=1
Cmd: compileComputeKernel
  api=4 insize=14379 outsize=48469 ok=1
Cmd: compileComputeKernel
  api=4 insize=14379 outsize=34593 ok=1
Cmd: compileComputeKernel
  api=4 insize=14379 outsize=41173 ok=1
Cmd: compileComputeKernel
  api=4 insize=14379 outsize=21377 ok=1
Cmd: compileComputeKernel
  api=4 insize=14379 outsize=41761 ok=1
Cmd: compileComputeKernel
  api=4 insize=14379 outsize=58441 ok=1
Cmd: compileComputeKernel
  api=4 insize=14379 outsize=36609 ok=1
Cmd: compileComputeKernel
  api=4 insize=14379 outsize=32569 ok=1
Cmd: compileComputeKernel
  api=4 insize=14379 outsize=36081 ok=1
Cmd: compileComputeKernel
  api=4 insize=14379 outsize=44137 ok=1
Cmd: compileComputeKernel
  api=4 insize=14379 outsize=32497 ok=1
Cmd: compileComputeKernel
  api=4 insize=14379 outsize=60869 ok=1
Cmd: compileComputeKernel
  api=14 insize=14379 outsize=102157 ok=1
Cmd: compileComputeKernel
  api=14 insize=14379 outsize=52493 ok=1
Cmd: compileComputeKernel
  api=14 insize=14379 outsize=59733 ok=1
Cmd: compileComputeKernel
  api=14 insize=14379 outsize=83021 ok=1
Cmd: compileComputeKernel
  api=14 insize=14379 outsize=56341 ok=1
Cmd: compileComputeKernel
  api=14 insize=14379 outsize=42509 ok=1
Cmd: compileComputeKernel
  api=14 insize=14379 outsize=73025 ok=1
Cmd: compileComputeKernel
  api=14 insize=14379 outsize=54141 ok=1
Cmd: compileComputeKernel
  api=14 insize=14379 outsize=61297 ok=1
Cmd: compileComputeKernel
  api=14 insize=14379 outsize=55665 ok=1
Cmd: compileComputeKernel
  api=14 insize=14379 outsize=75141 ok=1
Cmd: compileComputeKernel
  api=14 insize=14379 outsize=49269 ok=1
Cmd: compileComputeKernel
  api=14 insize=14379 outsize=56513 ok=1
Cmd: translateComputeKernel
  api=14 insize=100809 outsize=223549 ok=1
Cmd: translateComputeKernel
  api=14 insize=32109 outsize=51137 ok=1
Cmd: translateComputeKernel
  api=14 insize=46053 outsize=87509 ok=1
Cmd: translateComputeKernel
  api=14 insize=40925 outsize=74561 ok=1
Cmd: translateComputeKernel
  api=14 insize=53209 outsize=104829 ok=1
Cmd: translateComputeKernel
  api=14 insize=52505 outsize=107057 ok=1
Cmd: translateComputeKernel
  api=14 insize=48825 outsize=93129 ok=1
Cmd: translateComputeKernel
  api=14 insize=43433 outsize=79513 ok=1
Cmd: translateComputeKernel
  api=14 insize=48353 outsize=92425 ok=1
Cmd: translateComputeKernel
  api=14 insize=60581 outsize=120281 ok=1
Cmd: translateComputeKernel
  api=14 insize=48461 outsize=92289 ok=1
Cmd: translateComputeKernel
  api=14 insize=55617 outsize=109717 ok=1
Cmd: translateComputeKernel
  api=14 insize=32121 outsize=51149 ok=1
Cmd: translateComputeKernel
  api=14 insize=47725 outsize=92249 ok=1
Cmd: translateComputeKernel
  api=14 insize=54857 outsize=109497 ok=1
Cmd: translateComputeKernel
  api=14 insize=61861 outsize=124453 ok=1
Cmd: translateComputeKernel
  api=14 insize=50509 outsize=97973 ok=1
Cmd: translateComputeKernel
  api=14 insize=56501 outsize=110989 ok=1
Cmd: translateComputeKernel
  api=14 insize=57713 outsize=115541 ok=1
Cmd: translateComputeKernel
  api=14 insize=62073 outsize=124125 ok=1
Cmd: translateComputeKernel
  api=14 insize=56333 outsize=110405 ok=1
Cmd: translateComputeKernel
  api=14 insize=104741 outsize=244657 ok=1
Cmd: compileComputeKernel
  api=4 insize=26814 outsize=15569 ok=1
Cmd: compileComputeKernel
  api=4 insize=26814 outsize=15773 ok=1
Cmd: compileComputeKernel
  api=14 insize=26814 outsize=17433 ok=1
Cmd: compileComputeKernel
  api=14 insize=26814 outsize=18289 ok=1
Cmd: compileComputeKernel
  api=14 insize=26814 outsize=18493 ok=1
Cmd: translateComputeKernel
  api=14 insize=15813 outsize=30997 ok=1
Cmd: translateComputeKernel
  api=14 insize=18289 outsize=35437 ok=1
Cmd: translateComputeKernel
  api=14 insize=1321 outsize=693 ok=1
Cmd: compileComputeKernel
  api=4 insize=2059 outsize=349 ok=1
Cmd: compileComputeKernel
  api=14 insize=2059 outsize=789 ok=1
Cmd: translateComputeKernel
  api=14 insize=841 outsize=785 ok=1
Cmd: compileComputeKernel
  api=4 insize=1326 outsize=677 ok=1
Cmd: compileComputeKernel
  api=14 insize=1326 outsize=1413 ok=1
Cmd: translateComputeKernel
  api=14 insize=1385 outsize=1537 ok=1
Cmd: compileComputeKernel
  api=4 insize=2711 outsize=1517 ok=1
Cmd: compileComputeKernel
  api=4 insize=1176 outsize=781 ok=1
Cmd: translateComputeKernel
  api=14 insize=1357 outsize=1453 ok=1
Cmd: compileComputeKernel
  api=14 insize=2780 outsize=48553 ok=1
Cmd: translateComputeKernel
  api=14 insize=48933 outsize=86121 ok=1
Cmd: compileComputeKernel
  api=4 insize=10881 outsize=9693 ok=1
Cmd: compileComputeKernel
  api=14 insize=10881 outsize=10709 ok=1
Cmd: translateComputeKernel
  api=14 insize=10553 outsize=18425 ok=1
Cmd: compileComputeKernel
  api=4 insize=7431 outsize=4897 ok=1
Cmd: compileComputeKernel
  api=14 insize=7431 outsize=13073 ok=1
Cmd: translateComputeKernel
  api=14 insize=13169 outsize=10777 ok=1
Cmd: compileComputeKernel
  api=4 insize=4845 outsize=5397 ok=1
Cmd: compileComputeKernel
  api=14 insize=4845 outsize=5509 ok=1
Cmd: translateComputeKernel
  api=14 insize=11209 outsize=18561 ok=1
Cmd: compileComputeKernel
  api=14 insize=3396 outsize=3265 ok=1
Cmd: compileComputeKernel
  api=4 insize=6353 outsize=1037 ok=1
Cmd: compileComputeKernel
  api=14 insize=6353 outsize=1889 ok=1
Cmd: compileComputeKernel
  api=14 insize=1753 outsize=2673 ok=1
Cmd: translateComputeKernel
  api=14 insize=2673 outsize=4525 ok=1
Cmd: compileComputeKernel
  api=4 insize=18299 outsize=8681 ok=1
Cmd: compileComputeKernel
  api=4 insize=18299 outsize=8553 ok=1
Cmd: compileComputeKernel
  api=4 insize=18299 outsize=10769 ok=1
Cmd: compileComputeKernel
  api=14 insize=18299 outsize=9637 ok=1
Cmd: compileComputeKernel
  api=14 insize=18299 outsize=11321 ok=1
Cmd: translateComputeKernel
  api=14 insize=9533 outsize=16357 ok=1
Cmd: translateComputeKernel
  api=14 insize=9953 outsize=16885 ok=1
Cmd: translateComputeKernel
  api=14 insize=11797 outsize=25505 ok=1
Cmd: compileComputeKernel
  api=4 insize=19063 outsize=13729 ok=1
Cmd: compileComputeKernel
  api=4 insize=19063 outsize=14377 ok=1
Cmd: compileComputeKernel
  api=14 insize=19063 outsize=16417 ok=1
Cmd: compileComputeKernel
  api=14 insize=19063 outsize=17065 ok=1
Cmd: translateComputeKernel
  api=14 insize=16557 outsize=33969 ok=1
Cmd: translateComputeKernel
  api=14 insize=17693 outsize=36057 ok=1
Cmd: compileComputeKernel
  api=4 insize=5435 outsize=6445 ok=1
Cmd: compileComputeKernel
  api=4 insize=21751 outsize=21785 ok=1
Cmd: translateComputeKernel
  api=14 insize=22297 outsize=50905 ok=1
Cmd: compileComputeKernel
  api=14 insize=2517 outsize=2845 ok=1
Cmd: translateComputeKernel
  api=14 insize=2845 outsize=4929 ok=1
Cmd: translateComputeKernel
  api=14 insize=3053 outsize=6745 ok=1
Cmd: compileComputeKernel
  api=14 insize=2867 outsize=2021 ok=1
Cmd: translateComputeKernel
  api=14 insize=2021 outsize=3173 ok=1
Cmd: compileComputeKernel
  api=14 insize=1806 outsize=2001 ok=1
Cmd: translateComputeKernel
  api=14 insize=2001 outsize=3541 ok=1
Cmd: compileComputeKernel
  api=4 insize=692 outsize=573 ok=1
Cmd: translateComputeKernel
  api=14 insize=1093 outsize=1081 ok=1
Cmd: compileComputeKernel
  api=4 insize=1580 outsize=16105 ok=1
Cmd: compileComputeKernel
  api=4 insize=20454 outsize=95037 ok=1
Cmd: translateComputeKernel
  api=14 insize=102601 outsize=625261 ok=1
Cmd: compileComputeKernel
  api=4 insize=34758 outsize=33693 ok=1
Cmd: compileComputeKernel
  api=4 insize=34758 outsize=35261 ok=1
Cmd: compileComputeKernel
  api=4 insize=34758 outsize=33693 ok=1
Cmd: compileComputeKernel
  api=4 insize=34758 outsize=35261 ok=1
Cmd: compileComputeKernel
  api=14 insize=34758 outsize=46829 ok=1
Cmd: compileComputeKernel
  api=14 insize=34758 outsize=48297 ok=1
Cmd: compileComputeKernel
  api=14 insize=34758 outsize=46829 ok=1
Cmd: compileComputeKernel
  api=14 insize=34758 outsize=48297 ok=1
Cmd: translateComputeKernel
  api=14 insize=47005 outsize=94253 ok=1
Cmd: translateComputeKernel
  api=14 insize=48381 outsize=96833 ok=1
Cmd: translateComputeKernel
  api=14 insize=47005 outsize=94253 ok=1
Cmd: translateComputeKernel
  api=14 insize=48381 outsize=96833 ok=1
Cmd: compileComputeKernel
  api=4 insize=8350 outsize=2945 ok=1
Cmd: compileComputeKernel
  api=4 insize=16360 outsize=7029 ok=1
Cmd: compileComputeKernel
  api=14 insize=16360 outsize=16841 ok=1
Cmd: translateComputeKernel
  api=14 insize=16893 outsize=19861 ok=1
Cmd: compileComputeKernel
  api=14 insize=13916 outsize=14461 ok=1
Cmd: translateComputeKernel
  api=14 insize=14729 outsize=13441 ok=1
Cmd: compileComputeKernel
  api=14 insize=1454 outsize=2077 ok=1
Cmd: translateComputeKernel
  api=14 insize=2077 outsize=3273 ok=1
Cmd: compileComputeKernel
  api=14 insize=2044 outsize=1505 ok=1
Cmd: compileComputeKernel
  api=14 insize=2044 outsize=1509 ok=1
Cmd: translateComputeKernel
  api=14 insize=1505 outsize=2273 ok=1
Cmd: compileComputeKernel
  api=4 insize=9814 outsize=4065 ok=1
Cmd: compileComputeKernel
  api=14 insize=9814 outsize=4569 ok=1
Cmd: translateComputeKernel
  api=14 insize=5109 outsize=9853 ok=1
Cmd: compileComputeKernel
  api=4 insize=3506 outsize=1321 ok=1
Cmd: compileComputeKernel
  api=14 insize=3506 outsize=8997 ok=1
Cmd: translateComputeKernel
  api=14 insize=8801 outsize=2597 ok=1
Cmd: compileComputeKernel
  api=4 insize=16866 outsize=4729 ok=1
Cmd: compileComputeKernel
  api=4 insize=16866 outsize=6121 ok=1
Cmd: compileComputeKernel
  api=4 insize=16866 outsize=5233 ok=1
Cmd: compileComputeKernel
  api=4 insize=16866 outsize=6313 ok=1
Cmd: compileComputeKernel
  api=4 insize=16866 outsize=7397 ok=1
Cmd: compileComputeKernel
  api=4 insize=16866 outsize=8469 ok=1
Cmd: compileComputeKernel
  api=4 insize=16866 outsize=6805 ok=1
Cmd: compileComputeKernel
  api=4 insize=16866 outsize=7789 ok=1
Cmd: compileComputeKernel
  api=4 insize=16866 outsize=9757 ok=1
Cmd: compileComputeKernel
  api=4 insize=16866 outsize=7261 ok=1
Cmd: compileComputeKernel
  api=4 insize=16866 outsize=8345 ok=1
Cmd: compileComputeKernel
  api=4 insize=16866 outsize=8461 ok=1
Cmd: compileComputeKernel
  api=4 insize=16866 outsize=8501 ok=1
Cmd: compileComputeKernel
  api=4 insize=16866 outsize=10469 ok=1
Cmd: compileComputeKernel
  api=4 insize=16866 outsize=8805 ok=1
Cmd: compileComputeKernel
  api=4 insize=16866 outsize=10245 ok=1
Cmd: compileComputeKernel
  api=14 insize=16866 outsize=5393 ok=1
Cmd: compileComputeKernel
  api=14 insize=16866 outsize=5777 ok=1
Cmd: compileComputeKernel
  api=14 insize=16866 outsize=6473 ok=1
Cmd: compileComputeKernel
  api=14 insize=16866 outsize=7481 ok=1
Cmd: compileComputeKernel
  api=14 insize=16866 outsize=7073 ok=1
Cmd: compileComputeKernel
  api=14 insize=16866 outsize=8157 ok=1
Cmd: compileComputeKernel
  api=14 insize=16866 outsize=8777 ok=1
Cmd: compileComputeKernel
  api=14 insize=16866 outsize=10437 ok=1
Cmd: compileComputeKernel
  api=14 insize=16866 outsize=10317 ok=1
Cmd: compileComputeKernel
  api=14 insize=16866 outsize=7229 ok=1
Cmd: compileComputeKernel
  api=14 insize=16866 outsize=8237 ok=1
Cmd: compileComputeKernel
  api=14 insize=16866 outsize=7445 ok=1
Cmd: compileComputeKernel
  api=14 insize=16866 outsize=8525 ok=1
Cmd: compileComputeKernel
  api=14 insize=16866 outsize=9609 ok=1
Cmd: compileComputeKernel
  api=14 insize=16866 outsize=10705 ok=1
Cmd: compileComputeKernel
  api=14 insize=16866 outsize=9293 ok=1
Cmd: compileComputeKernel
  api=14 insize=16866 outsize=10277 ok=1
Cmd: compileComputeKernel
  api=14 insize=16866 outsize=12245 ok=1
Cmd: translateComputeKernel
  api=14 insize=5853 outsize=10397 ok=1
Cmd: translateComputeKernel
  api=14 insize=7245 outsize=13237 ok=1
Cmd: translateComputeKernel
  api=14 insize=7113 outsize=12577 ok=1
Cmd: translateComputeKernel
  api=14 insize=8197 outsize=14701 ok=1
Cmd: translateComputeKernel
  api=14 insize=8813 outsize=15945 ok=1
Cmd: translateComputeKernel
  api=14 insize=10473 outsize=19273 ok=1
Cmd: translateComputeKernel
  api=14 insize=9409 outsize=17773 ok=1
Cmd: translateComputeKernel
  api=14 insize=11069 outsize=20917 ok=1
Cmd: translateComputeKernel
  api=14 insize=7617 outsize=14209 ok=1
Cmd: translateComputeKernel
  api=14 insize=9085 outsize=17037 ok=1
Cmd: translateComputeKernel
  api=14 insize=8565 outsize=15801 ok=1
Cmd: translateComputeKernel
  api=14 insize=9649 outsize=17817 ok=1
Cmd: translateComputeKernel
  api=14 insize=10285 outsize=19329 ok=1
Cmd: translateComputeKernel
  api=14 insize=11945 outsize=22445 ok=1
Cmd: translateComputeKernel
  api=14 insize=10881 outsize=21257 ok=1
Cmd: translateComputeKernel
  api=14 insize=12541 outsize=24273 ok=1
Cmd: compileComputeKernel
  api=4 insize=3145 outsize=4233 ok=1
Cmd: compileComputeKernel
  api=4 insize=1192 outsize=541 ok=1
Cmd: translateComputeKernel
  api=14 insize=873 outsize=1513 ok=1
Cmd: compileComputeKernel
  api=4 insize=4012 outsize=1461 ok=1
Cmd: compileComputeKernel
  api=4 insize=4750 outsize=2033 ok=1
Cmd: compileComputeKernel
  api=4 insize=3537 outsize=1541 ok=1
Cmd: compileComputeKernel
  api=4 insize=1565 outsize=1457 ok=1
Cmd: compileComputeKernel
  api=4 insize=2891 outsize=189 ok=1
Cmd: compileComputeKernel
  api=14 insize=1491 outsize=1937 ok=1
Cmd: translateComputeKernel
  api=14 insize=1937 outsize=2197 ok=1
Cmd: compileComputeKernel
  api=14 insize=4907 outsize=2769 ok=1
Cmd: translateComputeKernel
  api=14 insize=2769 outsize=5105 ok=1
Cmd: compileComputeKernel
  api=4 insize=4771 outsize=1769 ok=1
Cmd: compileComputeKernel
  api=14 insize=5638 outsize=3461 ok=1
Cmd: translateComputeKernel
  api=14 insize=3461 outsize=6005 ok=1
Cmd: compileComputeKernel
  api=14 insize=1566 outsize=2449 ok=1
Cmd: translateComputeKernel
  api=14 insize=2449 outsize=3433 ok=1
Cmd: initializeCompiler
Cmd: initializeCompiler
Cmd: initializeCompiler
Cmd: initializeCompiler
Cmd: initializeCompiler
Cmd: initializeCompiler
Cmd: initializeCompiler
Cmd: initializeCompiler
Cmd: initializeCompiler
Cmd: initializeCompiler
Cmd: initializeCompiler
Cmd: initializeCompiler
Cmd: initializeCompiler
Cmd: initializeCompiler
Cmd: initializeCompiler
Cmd: initializeCompiler
Cmd: initializeCompiler
Cmd: initializeCompiler
Cmd: initializeCompiler
Cmd: initializeCompiler
Cmd: initializeCompiler
Cmd: initializeCompiler
Cmd: initializeCompiler
Cmd: initializeCompiler
Cmd: initializeCompiler
Cmd: initializeCompiler
Cmd: initializeCompiler
Cmd: initializeCompiler
Cmd: initializeCompiler
Cmd: initializeCompiler
Cmd: initializeCompiler
Cmd: initializeCompiler
Cmd: initializeCompiler
Cmd: initializeCompiler
Cmd: initializeCompiler
Cmd: initializeCompiler
Cmd: initializeCompiler
Cmd: initializeCompiler
Cmd: initializeCompiler
Cmd: initializeCompiler
Cmd: initializeCompiler

Quitting shader compiler process
